[2026-05-19T13:13:44,197] [main] [INFO ] [MODULES] + Starting up Module Service... 
[2026-05-19T13:13:44,201] [main] [INFO ] [MODULES] + ModuleService: Added an external module path: [/home/runner/work/ContentBox/ContentBox/.boxlang/modules] 
[2026-05-19T13:13:44,205] [main] [INFO ] [MODULES] + Module Service: Activated [0] modules in [0] ms 
[2026-05-19T13:13:44,205] [main] [INFO ] [MODULES] + Module Service started in [7] ms 
[2026-05-19T13:13:44,242] [main] [INFO ] [MODULES] + Module Service shutdown 
[2026-05-19T13:13:47,029] [main] [INFO ] [MODULES] + Starting up Module Service... 
[2026-05-19T13:13:47,030] [main] [INFO ] [MODULES] + ModuleService: Added an external module path: [/home/runner/work/ContentBox/ContentBox/.boxlang/modules] 
[2026-05-19T13:13:47,031] [main] [INFO ] [MODULES] + Module Service: Activated [0] modules in [0] ms 
[2026-05-19T13:13:47,032] [main] [INFO ] [MODULES] + Module Service started in [2] ms 
[2026-05-19T13:13:47,041] [main] [INFO ] [MODULES] + Module Service shutdown 
[2026-05-19T13:13:47,798] [main] [INFO ] [MODULES] + Starting up Module Service... 
[2026-05-19T13:13:47,800] [main] [INFO ] [MODULES] + ModuleService: Added an external module path: [/home/runner/work/ContentBox/ContentBox/.boxlang/modules] 
[2026-05-19T13:13:47,801] [main] [INFO ] [MODULES] + Module Service: Activated [0] modules in [0] ms 
[2026-05-19T13:13:47,801] [main] [INFO ] [MODULES] + Module Service started in [3] ms 
[2026-05-19T13:13:47,811] [main] [INFO ] [MODULES] + Module Service shutdown 
[2026-05-19T13:13:48,195] [main] [INFO ] [MODULES] + Starting up Module Service... 
[2026-05-19T13:13:48,197] [main] [INFO ] [MODULES] + ModuleService: Added an external module path: [/home/runner/work/ContentBox/ContentBox/.boxlang/modules] 
[2026-05-19T13:13:48,198] [main] [INFO ] [MODULES] + Module Service: Activated [0] modules in [0] ms 
[2026-05-19T13:13:48,198] [main] [INFO ] [MODULES] + Module Service started in [2] ms 
[2026-05-19T13:24:46,014] [main] [INFO ] [MODULES] + Starting up Module Service... 
[2026-05-19T13:24:46,016] [main] [INFO ] [MODULES] + ModuleService: Added an external module path: [/home/runner/work/ContentBox/ContentBox/.boxlang/modules] 
[2026-05-19T13:24:46,017] [main] [INFO ] [MODULES] + Module Service: Activated [0] modules in [0] ms 
[2026-05-19T13:24:46,017] [main] [INFO ] [MODULES] + Module Service started in [2] ms 
[2026-05-19T13:24:46,027] [main] [INFO ] [MODULES] + Module Service shutdown 
[2026-05-19T13:24:46,404] [main] [INFO ] [MODULES] + Starting up Module Service... 
[2026-05-19T13:24:46,405] [main] [INFO ] [MODULES] + ModuleService: Added an external module path: [/home/runner/work/ContentBox/ContentBox/.boxlang/modules] 
[2026-05-19T13:24:46,407] [main] [INFO ] [MODULES] + Module Service: Activated [0] modules in [0] ms 
[2026-05-19T13:24:46,407] [main] [INFO ] [MODULES] + Module Service started in [3] ms 
[2026-05-19T13:24:46,418] [main] [INFO ] [MODULES] + Module Service shutdown 
[2026-05-19T13:24:46,791] [main] [INFO ] [MODULES] + Starting up Module Service... 
[2026-05-19T13:24:46,793] [main] [INFO ] [MODULES] + ModuleService: Added an external module path: [/home/runner/work/ContentBox/ContentBox/.boxlang/modules] 
[2026-05-19T13:24:46,794] [main] [INFO ] [MODULES] + Module Service: Activated [0] modules in [0] ms 
[2026-05-19T13:24:46,794] [main] [INFO ] [MODULES] + Module Service started in [3] ms 
[2026-05-19T13:24:46,804] [main] [INFO ] [MODULES] + Module Service shutdown 
[2026-05-19T13:24:47,222] [main] [INFO ] [MODULES] + Starting up Module Service... 
[2026-05-19T13:24:47,224] [main] [INFO ] [MODULES] + ModuleService: Added an external module path: [/home/runner/work/ContentBox/ContentBox/.boxlang/modules] 
[2026-05-19T13:24:47,225] [main] [INFO ] [MODULES] + Module Service: Activated [0] modules in [0] ms 
[2026-05-19T13:24:47,225] [main] [INFO ] [MODULES] + Module Service started in [3] ms 
